[INFO ] 2023-06-15 15:20:41.858 [main] Log - fetching user data
[INFO ] 2023-06-15 15:20:42.472 [main] Log - creating new emp
[INFO ] 2023-06-15 15:20:43.315 [main] Log - updating employee
[INFO ] 2023-06-15 15:20:43.798 [main] Log - deleting employee
[INFO ] 2023-06-15 15:38:05.270 [main] Log - fetching user data
[INFO ] 2023-06-15 15:38:35.160 [main] Log - creating new emp
[INFO ] 2023-06-15 15:38:52.198 [main] Log - fetching user data
[INFO ] 2023-06-15 15:38:53.058 [main] Log - creating new emp
[INFO ] 2023-06-15 15:38:54.001 [main] Log - updating employee
[INFO ] 2023-06-15 15:38:54.500 [main] Log - deleting employee
[INFO ] 2023-06-15 17:49:41.299 [main] Log - fetching user data
[INFO ] 2023-06-15 17:49:42.018 [main] Log - creating new emp
[INFO ] 2023-06-15 17:49:42.772 [main] Log - updating employee
[INFO ] 2023-06-15 17:49:43.333 [main] Log - deleting employee
[INFO ] 2023-06-15 17:50:32.167 [main] Log - report step up
[INFO ] 2023-06-15 17:50:32.318 [main] Log - Starting test
[INFO ] 2023-06-15 17:50:32.320 [main] Log - fetching user data
[INFO ] 2023-06-15 17:50:39.691 [main] Log - fetching user data
[INFO ] 2023-06-15 17:50:39.697 [main] Log - This test is successful FetchUserData
[INFO ] 2023-06-15 17:50:39.704 [main] Log - Starting test
[INFO ] 2023-06-15 17:50:39.706 [main] Log - creating employee
[INFO ] 2023-06-15 17:50:40.367 [main] Log - creating new emp
[INFO ] 2023-06-15 17:50:40.369 [main] Log - This test is successful Create_Employee
[INFO ] 2023-06-15 17:50:40.378 [main] Log - Starting test
[INFO ] 2023-06-15 17:50:40.380 [main] Log - updating employee
[INFO ] 2023-06-15 17:50:41.163 [main] Log - updating employee
[INFO ] 2023-06-15 17:50:41.165 [main] Log - This test is successful Updating_Employee
[INFO ] 2023-06-15 17:50:41.169 [main] Log - Starting test
[INFO ] 2023-06-15 17:50:41.170 [main] Log - deleting employee
[INFO ] 2023-06-15 17:50:41.662 [main] Log - deleting employee
[INFO ] 2023-06-15 17:50:41.663 [main] Log - This test is successful Deleting_employee
[INFO ] 2023-06-15 17:50:42.398 [main] Log - End
[INFO ] 2023-06-19 15:28:02.838 [main] Log - report step up
[INFO ] 2023-06-19 15:28:03.026 [main] Log - Starting test
[INFO ] 2023-06-19 15:28:03.028 [main] Log - fetching user data
[INFO ] 2023-06-19 15:28:10.850 [main] Log - fetching user data
[INFO ] 2023-06-19 15:28:10.855 [main] Log - This test is successful FetchUserData
[INFO ] 2023-06-19 15:28:10.863 [main] Log - Starting test
[INFO ] 2023-06-19 15:28:10.864 [main] Log - creating employee
[INFO ] 2023-06-19 15:28:11.547 [main] Log - creating new emp
[INFO ] 2023-06-19 15:28:11.549 [main] Log - This test is successful Create_Employee
[INFO ] 2023-06-19 15:28:11.556 [main] Log - Starting test
[INFO ] 2023-06-19 15:28:11.557 [main] Log - updating employee
[INFO ] 2023-06-19 15:28:12.397 [main] Log - updating employee
[INFO ] 2023-06-19 15:28:12.398 [main] Log - This test is successful Updating_Employee
[INFO ] 2023-06-19 15:28:12.403 [main] Log - Starting test
[INFO ] 2023-06-19 15:28:12.405 [main] Log - deleting employee
[INFO ] 2023-06-19 15:28:12.939 [main] Log - deleting employee
[INFO ] 2023-06-19 15:28:12.941 [main] Log - This test is successful Deleting_employee
[INFO ] 2023-06-19 15:28:13.754 [main] Log - End
[INFO ] 2023-06-19 15:35:55.709 [main] Log - report step up
[INFO ] 2023-06-19 15:35:55.859 [main] Log - Starting test
[INFO ] 2023-06-19 15:35:55.861 [main] Log - fetching user data
[INFO ] 2023-06-19 15:36:03.164 [main] Log - fetching user data
[INFO ] 2023-06-19 15:36:03.169 [main] Log - This test is successful FetchUserData
[INFO ] 2023-06-19 15:36:03.177 [main] Log - Starting test
[INFO ] 2023-06-19 15:36:03.179 [main] Log - creating employee
[INFO ] 2023-06-19 15:36:04.146 [main] Log - creating new emp
[INFO ] 2023-06-19 15:36:04.148 [main] Log - This test is successful Create_Employee
[INFO ] 2023-06-19 15:36:04.155 [main] Log - Starting test
[INFO ] 2023-06-19 15:36:04.156 [main] Log - updating employee
[INFO ] 2023-06-19 15:36:05.268 [main] Log - updating employee
[INFO ] 2023-06-19 15:36:05.269 [main] Log - This test is successful Updating_Employee
[INFO ] 2023-06-19 15:36:05.274 [main] Log - Starting test
[INFO ] 2023-06-19 15:36:05.275 [main] Log - deleting employee
[INFO ] 2023-06-19 15:36:06.011 [main] Log - deleting employee
[INFO ] 2023-06-19 15:36:06.013 [main] Log - This test is successful Deleting_employee
[INFO ] 2023-06-19 15:36:06.685 [main] Log - End
[INFO ] 2023-06-19 15:37:59.166 [main] Log - report step up
[INFO ] 2023-06-19 15:37:59.345 [main] Log - Starting test
[INFO ] 2023-06-19 15:37:59.347 [main] Log - fetching user data
[INFO ] 2023-06-19 15:38:06.481 [main] Log - fetching user data
[INFO ] 2023-06-19 15:38:06.485 [main] Log - This test is successful FetchUserData
[INFO ] 2023-06-19 15:38:06.491 [main] Log - Starting test
[INFO ] 2023-06-19 15:38:06.493 [main] Log - creating employee
[INFO ] 2023-06-19 15:38:07.062 [main] Log - creating new emp
[INFO ] 2023-06-19 15:38:07.064 [main] Log - This test is successful Create_Employee
[INFO ] 2023-06-19 15:38:07.071 [main] Log - Starting test
[INFO ] 2023-06-19 15:38:07.073 [main] Log - updating employee
[INFO ] 2023-06-19 15:38:07.993 [main] Log - updating employee
[INFO ] 2023-06-19 15:38:07.995 [main] Log - This test is successful Updating_Employee
[INFO ] 2023-06-19 15:38:07.999 [main] Log - Starting test
[INFO ] 2023-06-19 15:38:08.001 [main] Log - deleting employee
[INFO ] 2023-06-19 15:38:08.446 [main] Log - deleting employee
[INFO ] 2023-06-19 15:38:08.447 [main] Log - This test is successful Deleting_employee
[INFO ] 2023-06-19 15:38:09.188 [main] Log - End
[INFO ] 2023-06-19 15:41:25.622 [main] Log - report step up
[INFO ] 2023-06-19 15:41:25.770 [main] Log - Starting test
[INFO ] 2023-06-19 15:41:25.772 [main] Log - fetching user data
[INFO ] 2023-06-19 15:41:32.657 [main] Log - fetching user data
[INFO ] 2023-06-19 15:41:32.662 [main] Log - This test is successful FetchUserData
[INFO ] 2023-06-19 15:41:32.669 [main] Log - Starting test
[INFO ] 2023-06-19 15:41:32.671 [main] Log - creating employee
[INFO ] 2023-06-19 15:41:33.270 [main] Log - creating new emp
[INFO ] 2023-06-19 15:41:33.272 [main] Log - This test is successful Create_Employee
[INFO ] 2023-06-19 15:41:33.278 [main] Log - Starting test
[INFO ] 2023-06-19 15:41:33.280 [main] Log - updating employee
[INFO ] 2023-06-19 15:41:34.028 [main] Log - updating employee
[INFO ] 2023-06-19 15:41:34.029 [main] Log - This test is successful Updating_Employee
[INFO ] 2023-06-19 15:41:34.033 [main] Log - Starting test
[INFO ] 2023-06-19 15:41:34.035 [main] Log - deleting employee
[INFO ] 2023-06-19 15:41:34.597 [main] Log - deleting employee
[INFO ] 2023-06-19 15:41:34.598 [main] Log - This test is successful Deleting_employee
[INFO ] 2023-06-19 15:41:35.286 [main] Log - End
[INFO ] 2023-06-19 16:08:10.469 [main] Log - fetching user data
[INFO ] 2023-06-19 16:08:11.406 [main] Log - creating new emp
[INFO ] 2023-06-19 16:08:12.497 [main] Log - updating employee
[INFO ] 2023-06-19 16:08:13.257 [main] Log - deleting employee
[INFO ] 2023-06-19 17:08:27.365 [main] Log - report step up
[INFO ] 2023-06-19 17:08:27.529 [main] Log - Starting test
[INFO ] 2023-06-19 17:08:27.531 [main] Log - fetching user data
[INFO ] 2023-06-19 17:08:34.280 [main] Log - fetching user data
[INFO ] 2023-06-19 17:08:34.284 [main] Log - This test is successful FetchUserData
[INFO ] 2023-06-19 17:08:34.291 [main] Log - Starting test
[INFO ] 2023-06-19 17:08:34.294 [main] Log - creating employee
[INFO ] 2023-06-19 17:08:34.947 [main] Log - creating new emp
[INFO ] 2023-06-19 17:08:34.948 [main] Log - This test is successful Create_Employee
[INFO ] 2023-06-19 17:08:34.956 [main] Log - Starting test
[INFO ] 2023-06-19 17:08:34.958 [main] Log - updating employee
[INFO ] 2023-06-19 17:08:36.228 [main] Log - updating employee
[INFO ] 2023-06-19 17:08:36.229 [main] Log - This test is successful Updating_Employee
[INFO ] 2023-06-19 17:08:36.232 [main] Log - Starting test
[INFO ] 2023-06-19 17:08:36.234 [main] Log - deleting employee
[INFO ] 2023-06-19 17:08:36.806 [main] Log - deleting employee
[INFO ] 2023-06-19 17:08:36.807 [main] Log - This test is successful Deleting_employee
[INFO ] 2023-06-19 17:08:37.799 [main] Log - End
[INFO ] 2023-06-19 17:18:05.784 [main] Log - report step up
[INFO ] 2023-06-19 17:18:05.964 [main] Log - Starting test
[INFO ] 2023-06-19 17:18:05.965 [main] Log - fetching user data
[INFO ] 2023-06-19 17:18:12.868 [main] Log - fetching user data
[INFO ] 2023-06-19 17:18:12.874 [main] Log - This test is successful FetchUserData
[INFO ] 2023-06-19 17:18:12.883 [main] Log - Starting test
[INFO ] 2023-06-19 17:18:12.885 [main] Log - creating employee
[INFO ] 2023-06-19 17:18:13.755 [main] Log - creating new emp
[INFO ] 2023-06-19 17:18:13.757 [main] Log - This test is successful Create_Employee
[INFO ] 2023-06-19 17:18:13.763 [main] Log - Starting test
[INFO ] 2023-06-19 17:18:13.764 [main] Log - updating employee
[INFO ] 2023-06-19 17:18:14.897 [main] Log - updating employee
[INFO ] 2023-06-19 17:18:14.899 [main] Log - This test is successful Updating_Employee
[INFO ] 2023-06-19 17:18:14.902 [main] Log - Starting test
[INFO ] 2023-06-19 17:18:14.903 [main] Log - deleting employee
[INFO ] 2023-06-19 17:18:15.647 [main] Log - deleting employee
[INFO ] 2023-06-19 17:18:15.648 [main] Log - This test is successful Deleting_employee
[INFO ] 2023-06-19 17:18:16.353 [main] Log - End
[INFO ] 2023-06-19 17:29:08.804 [main] Log - report step up
[INFO ] 2023-06-19 17:29:08.946 [main] Log - Starting test
[INFO ] 2023-06-19 17:29:08.948 [main] Log - fetching user data
[INFO ] 2023-06-19 17:29:16.116 [main] Log - fetching user data
[INFO ] 2023-06-19 17:29:16.121 [main] Log - This test is successful FetchUserData
[INFO ] 2023-06-19 17:29:16.128 [main] Log - Starting test
[INFO ] 2023-06-19 17:29:16.130 [main] Log - creating employee
[INFO ] 2023-06-19 17:29:16.690 [main] Log - creating new emp
[INFO ] 2023-06-19 17:29:16.692 [main] Log - This test is successful Create_Employee
[INFO ] 2023-06-19 17:29:16.697 [main] Log - Starting test
[INFO ] 2023-06-19 17:29:16.698 [main] Log - updating employee
[INFO ] 2023-06-19 17:29:17.458 [main] Log - updating employee
[INFO ] 2023-06-19 17:29:17.460 [main] Log - This test is successful Updating_Employee
[INFO ] 2023-06-19 17:29:17.464 [main] Log - Starting test
[INFO ] 2023-06-19 17:29:17.466 [main] Log - deleting employee
[INFO ] 2023-06-19 17:29:17.957 [main] Log - deleting employee
[INFO ] 2023-06-19 17:29:17.959 [main] Log - This test is successful Deleting_employee
[INFO ] 2023-06-19 17:29:18.643 [main] Log - End
[INFO ] 2023-06-19 19:08:30.449 [main] Log - report step up
[INFO ] 2023-06-19 19:08:30.601 [main] Log - Starting test
[INFO ] 2023-06-19 19:08:30.602 [main] Log - getting user data
[INFO ] 2023-06-19 19:08:37.976 [main] Log - This test is successful GetUserData
[INFO ] 2023-06-19 19:08:37.979 [main] Log - Starting test
[INFO ] 2023-06-19 19:08:37.980 [main] Log - getting user data
[INFO ] 2023-06-19 19:08:38.255 [main] Log - This test is successful GetUserData
[INFO ] 2023-06-19 19:08:38.260 [main] Log - Starting test
[INFO ] 2023-06-19 19:08:38.262 [main] Log - getting user data
[INFO ] 2023-06-19 19:08:38.801 [main] Log - This test is successful GetUserData
[INFO ] 2023-06-19 19:08:38.804 [main] Log - Starting test
[INFO ] 2023-06-19 19:08:38.805 [main] Log - getting user data
[INFO ] 2023-06-19 19:08:39.295 [main] Log - This test is successful GetUserData
[INFO ] 2023-06-19 19:08:39.297 [main] Log - Starting test
[INFO ] 2023-06-19 19:08:39.298 [main] Log - getting user data
[INFO ] 2023-06-19 19:08:40.030 [main] Log - This test is successful GetUserData
[INFO ] 2023-06-19 19:08:40.737 [main] Log - End
[INFO ] 2023-06-19 19:17:14.040 [main] Log - getting emp details
[INFO ] 2023-06-19 19:17:14.465 [main] Log - getting emp details
[INFO ] 2023-06-19 19:17:14.651 [main] Log - getting emp details
[INFO ] 2023-06-19 19:17:14.808 [main] Log - getting emp details
[INFO ] 2023-06-19 19:17:15.597 [main] Log - deleting emp id
[INFO ] 2023-06-19 19:17:15.876 [main] Log - fetching user data
[INFO ] 2023-06-19 19:17:16.420 [main] Log - creating new emp
[INFO ] 2023-06-19 19:17:16.897 [main] Log - updating employee
[INFO ] 2023-06-19 19:17:17.311 [main] Log - deleting employee
[INFO ] 2023-06-19 19:18:22.977 [main] Log - getting emp details
[INFO ] 2023-06-19 19:18:23.596 [main] Log - getting emp details
[INFO ] 2023-06-19 19:18:23.826 [main] Log - getting emp details
[INFO ] 2023-06-19 19:18:24.016 [main] Log - getting emp details
[INFO ] 2023-06-19 19:18:24.635 [main] Log - deleting emp id
[INFO ] 2023-06-19 19:18:24.864 [main] Log - fetching user data
[INFO ] 2023-06-19 19:18:25.347 [main] Log - creating new emp
[INFO ] 2023-06-19 19:18:25.832 [main] Log - updating employee
[INFO ] 2023-06-19 19:18:26.297 [main] Log - deleting employee
[INFO ] 2023-06-19 19:18:49.389 [main] Log - getting emp details
[INFO ] 2023-06-19 19:18:50.047 [main] Log - getting emp details
[INFO ] 2023-06-19 19:18:50.269 [main] Log - getting emp details
[INFO ] 2023-06-19 19:18:50.473 [main] Log - getting emp details
[INFO ] 2023-06-19 19:18:51.186 [main] Log - deleting emp id
[INFO ] 2023-06-19 19:18:51.473 [main] Log - fetching user data
[INFO ] 2023-06-19 19:18:52.064 [main] Log - creating new emp
[INFO ] 2023-06-19 19:18:52.556 [main] Log - updating employee
[INFO ] 2023-06-19 19:18:52.984 [main] Log - deleting employee
[INFO ] 2023-06-19 19:24:36.594 [main] Log - getting emp details
[INFO ] 2023-06-19 19:24:37.382 [main] Log - getting emp details
[INFO ] 2023-06-19 19:24:38.168 [main] Log - getting emp details
[INFO ] 2023-06-19 19:24:38.578 [main] Log - getting emp details
[INFO ] 2023-06-19 19:24:39.417 [main] Log - deleting emp id
[INFO ] 2023-06-19 19:24:39.866 [main] Log - fetching user data
[INFO ] 2023-06-19 19:24:40.631 [main] Log - creating new emp
[INFO ] 2023-06-19 19:24:41.396 [main] Log - updating employee
[INFO ] 2023-06-19 19:24:42.106 [main] Log - deleting employee
